<?xml version="1.0" encoding="UTF-8"?>
<testsuites name="Random Name" time="111.969" tests="3" failures="1" errors="1">
   <testsuite name="Random Name" tests="3" failures="1" errors="1" time="111.969" timestamp="2021-06-23 14:47:21" hostname="toandang - 1XSTX32.kms.com.vn" id="Test Suites/Random Name">
      <properties>
         <property name="deviceName" value=""/>
         <property name="devicePlatform" value=""/>
         <property name="logFolder" value="C:\\Users\\toandang\\Desktop\\Katalon Project\\KatalonTest.prj\\Reports\\20210623_144710\\Random Name\\20210623_144710"/>
         <property name="logFiles" value="C:\\Users\\toandang\\Desktop\\Katalon Project\\KatalonTest.prj\\Reports\\20210623_144710\\Random Name\\20210623_144710\\execution0.log"/>
         <property name="attachments" value="C:\\Users\\toandang\\Desktop\\Katalon Project\\KatalonTest.prj\\Reports\\20210623_144710\\Random Name\\20210623_144710/videos\\test_1.avi, C:\\Users\\toandang\\Desktop\\Katalon Project\\KatalonTest.prj\\Reports\\20210623_144710\\Random Name\\20210623_144710/videos\\test_2.avi, C:\\Users\\toandang\\Desktop\\Katalon Project\\KatalonTest.prj\\Reports\\20210623_144710\\Random Name\\20210623_144710/videos\\test_3.avi"/>
         <property name="hostName" value="toandang - 1XSTX32.kms.com.vn"/>
         <property name="os" value="Windows 10 64bit"/>
         <property name="katalonVersion" value="7.0.10.1"/>
         <property name="browser" value="Chrome 91.0.4472.114"/>
         <property name="hostAddress" value="192.168.1.30"/>
         <property name="sessionId" value="ac8195af0123ddd2811dc342acd554f1"/>
         <property name="seleniumVersion" value="3.141.59"/>
         <property name="proxyInformation" value="ProxyInformation{proxyOption=NO_PROXY, proxyServerType=HTTP, password=, proxyServerAddress=, proxyServerPort=0}"/>
         <property name="platform" value="Windows 10"/>
      </properties>
      <testcase name="Test Cases/Main Test Cases/TC2_Forgot Password" time="41.458" classname="Test Cases/Main Test Cases/TC2_Forgot Password" status="PASSED">
         <system-out><![CDATA[2021-06-23 14:47:21 - [TEST_CASE][PASSED] - Test Cases/Main Test Cases/TC2_Forgot Password: Test Cases/Main Test Cases/TC2_Forgot Password

2021-06-23 14:47:23 - [TEST_STEP][PASSED] - callTestCase(findTestCase("Common Test Cases/Navigate to Authentication Page"), null, STOP_ON_FAILURE): Call Test Case 'Test Cases/Common Test Cases/Navigate to Authentication Page' successfully

2021-06-23 14:47:23 - [TEST_CASE][PASSED] - Test Cases/Common Test Cases/Navigate to Authentication Page: Test Cases/Common Test Cases/Navigate to Authentication Page

2021-06-23 14:47:23 - [TEST_STEP][PASSED] - openBrowser(G_SiteURL): Browser is opened with url: 'http://automationpractice.com/index.php'

2021-06-23 14:47:24 - [MESSAGE][INFO] - Starting 'Chrome' driver

2021-06-23 14:47:24 - [MESSAGE][INFO] - Action delay is set to 0 seconds

2021-06-23 14:47:43 - [MESSAGE][PASSED] - Browser is opened with url: 'http://automationpractice.com/index.php'

2021-06-23 14:47:43 - [TEST_STEP][PASSED] - maximizeWindow(): Current window maximized

2021-06-23 14:47:44 - [MESSAGE][PASSED] - Current window maximized

2021-06-23 14:47:44 - [TEST_STEP][PASSED] - click(findTestObject("Page_Home/lnk_SignIn"), STOP_ON_FAILURE): Object: 'Object Repository/Page_Home/lnk_SignIn' is clicked on

2021-06-23 14:47:48 - [MESSAGE][PASSED] - Object: 'Object Repository/Page_Home/lnk_SignIn' is clicked on

2021-06-23 14:47:48 - [TEST_STEP][PASSED] - verifyMatch(getText(findTestObject("Object Repository/Page_Authentication/txa_title_Authentication Page")).toLowerCase(), "authentication", false, STOP_ON_FAILURE): Actual text 'authentication' and expected text 'authentication' are matched 

2021-06-23 14:47:49 - [MESSAGE][PASSED] - Text of object 'Object Repository/Page_Authentication/txa_title_Authentication Page' is: 'AUTHENTICATION'

2021-06-23 14:47:49 - [MESSAGE][PASSED] - Actual text 'authentication' and expected text 'authentication' are matched 

2021-06-23 14:47:49 - [MESSAGE][PASSED] - Call Test Case 'Test Cases/Common Test Cases/Navigate to Authentication Page' successfully

2021-06-23 14:47:49 - [TEST_STEP][PASSED] - click(findTestObject("Object Repository/Page_Authentication/lnk_Forgot Your Password")): Object: 'Object Repository/Page_Authentication/lnk_Forgot Your Password' is clicked on

2021-06-23 14:47:51 - [MESSAGE][PASSED] - Object: 'Object Repository/Page_Authentication/lnk_Forgot Your Password' is clicked on

2021-06-23 14:47:51 - [TEST_STEP][PASSED] - verifyMatch(getText(findTestObject("Object Repository/Page_Forgot Your Password/txa_title_Forgot Your Password")).toLowerCase(), "forgot your password?", false, STOP_ON_FAILURE): Actual text 'forgot your password?' and expected text 'forgot your password?' are matched 

2021-06-23 14:47:52 - [MESSAGE][PASSED] - Text of object 'Object Repository/Page_Forgot Your Password/txa_title_Forgot Your Password' is: 'FORGOT YOUR PASSWORD?'

2021-06-23 14:47:52 - [MESSAGE][PASSED] - Actual text 'forgot your password?' and expected text 'forgot your password?' are matched 

2021-06-23 14:47:52 - [TEST_STEP][PASSED] - click(findTestObject("Object Repository/Page_Forgot Your Password/btn_Retrieve Password"), STOP_ON_FAILURE): Object: 'Object Repository/Page_Forgot Your Password/btn_Retrieve Password' is clicked on

2021-06-23 14:47:54 - [MESSAGE][PASSED] - Object: 'Object Repository/Page_Forgot Your Password/btn_Retrieve Password' is clicked on

2021-06-23 14:47:54 - [TEST_STEP][PASSED] - verifyMatch(getText(findTestObject("Page_Forgot Your Password/msg_Alert")).toLowerCase(), "there is 1 error
invalid email address.", false, STOP_ON_FAILURE): Actual text 'there is 1 error
invalid email address.' and expected text 'there is 1 error
invalid email address.' are matched 

2021-06-23 14:47:54 - [MESSAGE][PASSED] - Text of object 'Object Repository/Page_Forgot Your Password/msg_Alert' is: 'There is 1 error
Invalid email address.'

2021-06-23 14:47:54 - [MESSAGE][PASSED] - Actual text 'there is 1 error
invalid email address.' and expected text 'there is 1 error
invalid email address.' are matched 

2021-06-23 14:47:54 - [TEST_STEP][PASSED] - setText(findTestObject("Object Repository/Page_Forgot Your Password/txt_Email Address"), Email): Text 'email@gmail' is set on object 'Object Repository/Page_Forgot Your Password/txt_Email Address'

2021-06-23 14:47:55 - [MESSAGE][PASSED] - Text 'email@gmail' is set on object 'Object Repository/Page_Forgot Your Password/txt_Email Address'

2021-06-23 14:47:55 - [TEST_STEP][PASSED] - switch (com.example.WebUICustomKeywords.CheckInput(Email)): null

2021-06-23 14:47:55 - [MESSAGE][PASSED] - com.example.WebUICustomKeywords.CheckInput is PASSED

2021-06-23 14:47:55 - [TEST_STEP][PASSED] - case "1":: null

2021-06-23 14:47:55 - [TEST_STEP][PASSED] - comment("Invalid email address"): Invalid email address

2021-06-23 14:47:55 - [MESSAGE][INFO] - Invalid email address

2021-06-23 14:47:55 - [TEST_STEP][PASSED] - click(findTestObject("Object Repository/Page_Forgot Your Password/btn_Retrieve Password")): Object: 'Object Repository/Page_Forgot Your Password/btn_Retrieve Password' is clicked on

2021-06-23 14:47:58 - [MESSAGE][PASSED] - Object: 'Object Repository/Page_Forgot Your Password/btn_Retrieve Password' is clicked on

2021-06-23 14:47:58 - [TEST_STEP][PASSED] - verifyMatch(getText(findTestObject("Page_Forgot Your Password/msg_Alert")).toLowerCase(), "there is 1 error
invalid email address.", false, STOP_ON_FAILURE): Actual text 'there is 1 error
invalid email address.' and expected text 'there is 1 error
invalid email address.' are matched 

2021-06-23 14:47:59 - [MESSAGE][PASSED] - Text of object 'Object Repository/Page_Forgot Your Password/msg_Alert' is: 'There is 1 error
Invalid email address.'

2021-06-23 14:47:59 - [MESSAGE][PASSED] - Actual text 'there is 1 error
invalid email address.' and expected text 'there is 1 error
invalid email address.' are matched 

2021-06-23 14:47:59 - [TEST_STEP][PASSED] - break: null

2021-06-23 14:47:59 - [TEST_STEP][PASSED] - Start tear down : tearDown: Method 'tearDown' complete successfully

2021-06-23 14:47:59 - [TEST_STEP][PASSED] - closeBrowser(): Browser is closed

2021-06-23 14:48:01 - [MESSAGE][PASSED] - Browser is closed

2021-06-23 14:48:01 - [MESSAGE][PASSED] - Method 'tearDown' complete successfully

2021-06-23 14:48:03 - [TEST_STEP][PASSED] - Video: Video recording for test case 'Test Cases/Main Test Cases/TC2_Forgot Password' .

2021-06-23 14:48:03 - [MESSAGE][INFO] - Video recording for test case 'Test Cases/Main Test Cases/TC2_Forgot Password' .
[[ATTACHMENT|C:\\Users\\toandang\\Desktop\\Katalon Project\\KatalonTest.prj\\Reports\\20210623_144710\\Random Name\\20210623_144710/videos\\test_1.avi]]]]></system-out>
         <system-err><![CDATA[]]></system-err>
      </testcase>
      <testcase name="Test Cases/Main Test Cases/TC2_Forgot Password" time="37.274" classname="Test Cases/Main Test Cases/TC2_Forgot Password" status="ERROR">
         <error type="ERROR" message="Test Cases/Main Test Cases/TC2_Forgot Password FAILED.
Reason:
groovy.lang.MissingPropertyException: No such property: RegisteredEmail for class: Script1624338313305
	at TC2_Forgot Password.run(TC2_Forgot Password:65)
	at com.kms.katalon.core.main.ScriptEngine.run(ScriptEngine.java:194)
	at com.kms.katalon.core.main.ScriptEngine.runScriptAsRawText(ScriptEngine.java:119)
	at com.kms.katalon.core.main.TestCaseExecutor.runScript(TestCaseExecutor.java:337)
	at com.kms.katalon.core.main.TestCaseExecutor.doExecute(TestCaseExecutor.java:328)
	at com.kms.katalon.core.main.TestCaseExecutor.processExecutionPhase(TestCaseExecutor.java:307)
	at com.kms.katalon.core.main.TestCaseExecutor.accessMainPhase(TestCaseExecutor.java:299)
	at com.kms.katalon.core.main.TestCaseExecutor.execute(TestCaseExecutor.java:233)
	at com.kms.katalon.core.main.TestSuiteExecutor.accessTestCaseMainPhase(TestSuiteExecutor.java:169)
	at com.kms.katalon.core.main.TestSuiteExecutor.accessTestSuiteMainPhase(TestSuiteExecutor.java:142)
	at com.kms.katalon.core.main.TestSuiteExecutor.execute(TestSuiteExecutor.java:91)
	at com.kms.katalon.core.main.TestCaseMain.startTestSuite(TestCaseMain.java:157)
	at com.kms.katalon.core.main.TestCaseMain$startTestSuite$0.call(Unknown Source)
	at TempTestSuite1624434430987.run(TempTestSuite1624434430987.groovy:36)
"/>
         <system-out><![CDATA[2021-06-23 14:48:03 - [TEST_CASE][ERROR] - Test Cases/Main Test Cases/TC2_Forgot Password: Test Cases/Main Test Cases/TC2_Forgot Password FAILED.
Reason:
groovy.lang.MissingPropertyException: No such property: RegisteredEmail for class: Script1624338313305
	at TC2_Forgot Password.run(TC2_Forgot Password:65)
	at com.kms.katalon.core.main.ScriptEngine.run(ScriptEngine.java:194)
	at com.kms.katalon.core.main.ScriptEngine.runScriptAsRawText(ScriptEngine.java:119)
	at com.kms.katalon.core.main.TestCaseExecutor.runScript(TestCaseExecutor.java:337)
	at com.kms.katalon.core.main.TestCaseExecutor.doExecute(TestCaseExecutor.java:328)
	at com.kms.katalon.core.main.TestCaseExecutor.processExecutionPhase(TestCaseExecutor.java:307)
	at com.kms.katalon.core.main.TestCaseExecutor.accessMainPhase(TestCaseExecutor.java:299)
	at com.kms.katalon.core.main.TestCaseExecutor.execute(TestCaseExecutor.java:233)
	at com.kms.katalon.core.main.TestSuiteExecutor.accessTestCaseMainPhase(TestSuiteExecutor.java:169)
	at com.kms.katalon.core.main.TestSuiteExecutor.accessTestSuiteMainPhase(TestSuiteExecutor.java:142)
	at com.kms.katalon.core.main.TestSuiteExecutor.execute(TestSuiteExecutor.java:91)
	at com.kms.katalon.core.main.TestCaseMain.startTestSuite(TestCaseMain.java:157)
	at com.kms.katalon.core.main.TestCaseMain$startTestSuite$0.call(Unknown Source)
	at TempTestSuite1624434430987.run(TempTestSuite1624434430987.groovy:36)


2021-06-23 14:48:03 - [TEST_STEP][PASSED] - callTestCase(findTestCase("Common Test Cases/Navigate to Authentication Page"), null, STOP_ON_FAILURE): Call Test Case 'Test Cases/Common Test Cases/Navigate to Authentication Page' successfully

2021-06-23 14:48:03 - [TEST_CASE][PASSED] - Test Cases/Common Test Cases/Navigate to Authentication Page: Test Cases/Common Test Cases/Navigate to Authentication Page

2021-06-23 14:48:03 - [TEST_STEP][PASSED] - openBrowser(G_SiteURL): Browser is opened with url: 'http://automationpractice.com/index.php'

2021-06-23 14:48:03 - [MESSAGE][INFO] - Starting 'Chrome' driver

2021-06-23 14:48:19 - [MESSAGE][PASSED] - Browser is opened with url: 'http://automationpractice.com/index.php'

2021-06-23 14:48:20 - [TEST_STEP][PASSED] - maximizeWindow(): Current window maximized

2021-06-23 14:48:20 - [MESSAGE][PASSED] - Current window maximized

2021-06-23 14:48:20 - [TEST_STEP][PASSED] - click(findTestObject("Page_Home/lnk_SignIn"), STOP_ON_FAILURE): Object: 'Object Repository/Page_Home/lnk_SignIn' is clicked on

2021-06-23 14:48:24 - [MESSAGE][PASSED] - Object: 'Object Repository/Page_Home/lnk_SignIn' is clicked on

2021-06-23 14:48:24 - [TEST_STEP][PASSED] - verifyMatch(getText(findTestObject("Object Repository/Page_Authentication/txa_title_Authentication Page")).toLowerCase(), "authentication", false, STOP_ON_FAILURE): Actual text 'authentication' and expected text 'authentication' are matched 

2021-06-23 14:48:25 - [MESSAGE][PASSED] - Text of object 'Object Repository/Page_Authentication/txa_title_Authentication Page' is: 'AUTHENTICATION'

2021-06-23 14:48:25 - [MESSAGE][PASSED] - Actual text 'authentication' and expected text 'authentication' are matched 

2021-06-23 14:48:25 - [MESSAGE][PASSED] - Call Test Case 'Test Cases/Common Test Cases/Navigate to Authentication Page' successfully

2021-06-23 14:48:25 - [TEST_STEP][PASSED] - click(findTestObject("Object Repository/Page_Authentication/lnk_Forgot Your Password")): Object: 'Object Repository/Page_Authentication/lnk_Forgot Your Password' is clicked on

2021-06-23 14:48:27 - [MESSAGE][PASSED] - Object: 'Object Repository/Page_Authentication/lnk_Forgot Your Password' is clicked on

2021-06-23 14:48:27 - [TEST_STEP][PASSED] - verifyMatch(getText(findTestObject("Object Repository/Page_Forgot Your Password/txa_title_Forgot Your Password")).toLowerCase(), "forgot your password?", false, STOP_ON_FAILURE): Actual text 'forgot your password?' and expected text 'forgot your password?' are matched 

2021-06-23 14:48:28 - [MESSAGE][PASSED] - Text of object 'Object Repository/Page_Forgot Your Password/txa_title_Forgot Your Password' is: 'FORGOT YOUR PASSWORD?'

2021-06-23 14:48:28 - [MESSAGE][PASSED] - Actual text 'forgot your password?' and expected text 'forgot your password?' are matched 

2021-06-23 14:48:28 - [TEST_STEP][PASSED] - click(findTestObject("Object Repository/Page_Forgot Your Password/btn_Retrieve Password"), STOP_ON_FAILURE): Object: 'Object Repository/Page_Forgot Your Password/btn_Retrieve Password' is clicked on

2021-06-23 14:48:30 - [MESSAGE][PASSED] - Object: 'Object Repository/Page_Forgot Your Password/btn_Retrieve Password' is clicked on

2021-06-23 14:48:30 - [TEST_STEP][PASSED] - verifyMatch(getText(findTestObject("Page_Forgot Your Password/msg_Alert")).toLowerCase(), "there is 1 error
invalid email address.", false, STOP_ON_FAILURE): Actual text 'there is 1 error
invalid email address.' and expected text 'there is 1 error
invalid email address.' are matched 

2021-06-23 14:48:31 - [MESSAGE][PASSED] - Text of object 'Object Repository/Page_Forgot Your Password/msg_Alert' is: 'There is 1 error
Invalid email address.'

2021-06-23 14:48:31 - [MESSAGE][PASSED] - Actual text 'there is 1 error
invalid email address.' and expected text 'there is 1 error
invalid email address.' are matched 

2021-06-23 14:48:31 - [TEST_STEP][PASSED] - setText(findTestObject("Object Repository/Page_Forgot Your Password/txt_Email Address"), Email): Text 'test@gmail.com' is set on object 'Object Repository/Page_Forgot Your Password/txt_Email Address'

2021-06-23 14:48:31 - [MESSAGE][PASSED] - Text 'test@gmail.com' is set on object 'Object Repository/Page_Forgot Your Password/txt_Email Address'

2021-06-23 14:48:31 - [TEST_STEP][PASSED] - switch (com.example.WebUICustomKeywords.CheckInput(Email)): null

2021-06-23 14:48:33 - [MESSAGE][PASSED] - com.example.WebUICustomKeywords.CheckInput is PASSED

2021-06-23 14:48:33 - [TEST_STEP][PASSED] - case "3":: Text of object 'Object Repository/Page_Forgot Your Password/msg_Alert' is: 'A confirmation email has been sent to your address: test@gmail.com'

2021-06-23 14:48:33 - [TEST_STEP][PASSED] - comment("Email was registered"): Email was registered

2021-06-23 14:48:33 - [MESSAGE][INFO] - Email was registered

2021-06-23 14:48:33 - [TEST_STEP][PASSED] - click(findTestObject("Object Repository/Page_Forgot Your Password/btn_Retrieve Password")): Object: 'Object Repository/Page_Forgot Your Password/btn_Retrieve Password' is clicked on

2021-06-23 14:48:36 - [MESSAGE][PASSED] - Object: 'Object Repository/Page_Forgot Your Password/btn_Retrieve Password' is clicked on

2021-06-23 14:48:36 - [TEST_STEP][PASSED] - verifyMatch(getText(findTestObject("Page_Forgot Your Password/msg_Alert")).toLowerCase(), "a confirmation email has been sent to your address: " + RegisteredEmail, false, STOP_ON_FAILURE): Text of object 'Object Repository/Page_Forgot Your Password/msg_Alert' is: 'A confirmation email has been sent to your address: test@gmail.com'

2021-06-23 14:48:36 - [MESSAGE][PASSED] - Text of object 'Object Repository/Page_Forgot Your Password/msg_Alert' is: 'A confirmation email has been sent to your address: test@gmail.com'

2021-06-23 14:48:36 - [TEST_STEP][PASSED] - Start tear down : tearDown: Method 'tearDown' complete successfully

2021-06-23 14:48:36 - [TEST_STEP][PASSED] - closeBrowser(): Browser is closed

2021-06-23 14:48:38 - [MESSAGE][PASSED] - Browser is closed

2021-06-23 14:48:38 - [MESSAGE][PASSED] - Method 'tearDown' complete successfully

2021-06-23 14:48:40 - [TEST_STEP][PASSED] - Video: Video recording for test case 'Test Cases/Main Test Cases/TC2_Forgot Password' .

2021-06-23 14:48:40 - [MESSAGE][INFO] - Video recording for test case 'Test Cases/Main Test Cases/TC2_Forgot Password' .
[[ATTACHMENT|C:\\Users\\toandang\\Desktop\\Katalon Project\\KatalonTest.prj\\Reports\\20210623_144710\\Random Name\\20210623_144710/videos\\test_2.avi]]]]></system-out>
         <system-err><![CDATA[2021-06-23 14:48:03 - [TEST_CASE][ERROR] - Test Cases/Main Test Cases/TC2_Forgot Password: Test Cases/Main Test Cases/TC2_Forgot Password FAILED.
Reason:
groovy.lang.MissingPropertyException: No such property: RegisteredEmail for class: Script1624338313305
	at TC2_Forgot Password.run(TC2_Forgot Password:65)
	at com.kms.katalon.core.main.ScriptEngine.run(ScriptEngine.java:194)
	at com.kms.katalon.core.main.ScriptEngine.runScriptAsRawText(ScriptEngine.java:119)
	at com.kms.katalon.core.main.TestCaseExecutor.runScript(TestCaseExecutor.java:337)
	at com.kms.katalon.core.main.TestCaseExecutor.doExecute(TestCaseExecutor.java:328)
	at com.kms.katalon.core.main.TestCaseExecutor.processExecutionPhase(TestCaseExecutor.java:307)
	at com.kms.katalon.core.main.TestCaseExecutor.accessMainPhase(TestCaseExecutor.java:299)
	at com.kms.katalon.core.main.TestCaseExecutor.execute(TestCaseExecutor.java:233)
	at com.kms.katalon.core.main.TestSuiteExecutor.accessTestCaseMainPhase(TestSuiteExecutor.java:169)
	at com.kms.katalon.core.main.TestSuiteExecutor.accessTestSuiteMainPhase(TestSuiteExecutor.java:142)
	at com.kms.katalon.core.main.TestSuiteExecutor.execute(TestSuiteExecutor.java:91)
	at com.kms.katalon.core.main.TestCaseMain.startTestSuite(TestCaseMain.java:157)
	at com.kms.katalon.core.main.TestCaseMain$startTestSuite$0.call(Unknown Source)
	at TempTestSuite1624434430987.run(TempTestSuite1624434430987.groovy:36)]]></system-err>
      </testcase>
      <testcase name="Test Cases/Main Test Cases/TC2_Forgot Password" time="32.377" classname="Test Cases/Main Test Cases/TC2_Forgot Password" status="FAILED">
         <failure type="FAILED" message="Test Cases/Main Test Cases/TC2_Forgot Password FAILED.
Reason:
com.kms.katalon.core.exception.StepFailedException: Actual text 'there is 1 error
there is no account registered for this email address.' and expected text 'there is 1 error
invalid email address.' are not matched
	at com.kms.katalon.core.keyword.builtin.VerifyMatchKeyword$_verifyMatch_closure1.doCall(VerifyMatchKeyword.groovy:57)
	at com.kms.katalon.core.keyword.builtin.VerifyMatchKeyword$_verifyMatch_closure1.call(VerifyMatchKeyword.groovy)
	at com.kms.katalon.core.keyword.internal.KeywordMain.runKeyword(KeywordMain.groovy:68)
	at com.kms.katalon.core.keyword.builtin.VerifyMatchKeyword.verifyMatch(VerifyMatchKeyword.groovy:60)
	at com.kms.katalon.core.keyword.builtin.VerifyMatchKeyword.execute(VerifyMatchKeyword.groovy:45)
	at com.kms.katalon.core.keyword.internal.KeywordExecutor.executeKeywordForPlatform(KeywordExecutor.groovy:60)
	at com.kms.katalon.core.keyword.BuiltinKeywords.verifyMatch(BuiltinKeywords.groovy:55)
	at TC2_Forgot Password.run(TC2_Forgot Password:43)
	at com.kms.katalon.core.main.ScriptEngine.run(ScriptEngine.java:194)
	at com.kms.katalon.core.main.ScriptEngine.runScriptAsRawText(ScriptEngine.java:119)
	at com.kms.katalon.core.main.TestCaseExecutor.runScript(TestCaseExecutor.java:337)
	at com.kms.katalon.core.main.TestCaseExecutor.doExecute(TestCaseExecutor.java:328)
	at com.kms.katalon.core.main.TestCaseExecutor.processExecutionPhase(TestCaseExecutor.java:307)
	at com.kms.katalon.core.main.TestCaseExecutor.accessMainPhase(TestCaseExecutor.java:299)
	at com.kms.katalon.core.main.TestCaseExecutor.execute(TestCaseExecutor.java:233)
	at com.kms.katalon.core.main.TestSuiteExecutor.accessTestCaseMainPhase(TestSuiteExecutor.java:169)
	at com.kms.katalon.core.main.TestSuiteExecutor.accessTestSuiteMainPhase(TestSuiteExecutor.java:142)
	at com.kms.katalon.core.main.TestSuiteExecutor.execute(TestSuiteExecutor.java:91)
	at com.kms.katalon.core.main.TestCaseMain.startTestSuite(TestCaseMain.java:157)
	at com.kms.katalon.core.main.TestCaseMain$startTestSuite$0.call(Unknown Source)
	at TempTestSuite1624434430987.run(TempTestSuite1624434430987.groovy:36)
"/>
         <system-out><![CDATA[2021-06-23 14:48:40 - [TEST_CASE][FAILED] - Test Cases/Main Test Cases/TC2_Forgot Password: Test Cases/Main Test Cases/TC2_Forgot Password FAILED.
Reason:
com.kms.katalon.core.exception.StepFailedException: Actual text 'there is 1 error
there is no account registered for this email address.' and expected text 'there is 1 error
invalid email address.' are not matched
	at com.kms.katalon.core.keyword.builtin.VerifyMatchKeyword$_verifyMatch_closure1.doCall(VerifyMatchKeyword.groovy:57)
	at com.kms.katalon.core.keyword.builtin.VerifyMatchKeyword$_verifyMatch_closure1.call(VerifyMatchKeyword.groovy)
	at com.kms.katalon.core.keyword.internal.KeywordMain.runKeyword(KeywordMain.groovy:68)
	at com.kms.katalon.core.keyword.builtin.VerifyMatchKeyword.verifyMatch(VerifyMatchKeyword.groovy:60)
	at com.kms.katalon.core.keyword.builtin.VerifyMatchKeyword.execute(VerifyMatchKeyword.groovy:45)
	at com.kms.katalon.core.keyword.internal.KeywordExecutor.executeKeywordForPlatform(KeywordExecutor.groovy:60)
	at com.kms.katalon.core.keyword.BuiltinKeywords.verifyMatch(BuiltinKeywords.groovy:55)
	at TC2_Forgot Password.run(TC2_Forgot Password:43)
	at com.kms.katalon.core.main.ScriptEngine.run(ScriptEngine.java:194)
	at com.kms.katalon.core.main.ScriptEngine.runScriptAsRawText(ScriptEngine.java:119)
	at com.kms.katalon.core.main.TestCaseExecutor.runScript(TestCaseExecutor.java:337)
	at com.kms.katalon.core.main.TestCaseExecutor.doExecute(TestCaseExecutor.java:328)
	at com.kms.katalon.core.main.TestCaseExecutor.processExecutionPhase(TestCaseExecutor.java:307)
	at com.kms.katalon.core.main.TestCaseExecutor.accessMainPhase(TestCaseExecutor.java:299)
	at com.kms.katalon.core.main.TestCaseExecutor.execute(TestCaseExecutor.java:233)
	at com.kms.katalon.core.main.TestSuiteExecutor.accessTestCaseMainPhase(TestSuiteExecutor.java:169)
	at com.kms.katalon.core.main.TestSuiteExecutor.accessTestSuiteMainPhase(TestSuiteExecutor.java:142)
	at com.kms.katalon.core.main.TestSuiteExecutor.execute(TestSuiteExecutor.java:91)
	at com.kms.katalon.core.main.TestCaseMain.startTestSuite(TestCaseMain.java:157)
	at com.kms.katalon.core.main.TestCaseMain$startTestSuite$0.call(Unknown Source)
	at TempTestSuite1624434430987.run(TempTestSuite1624434430987.groovy:36)


2021-06-23 14:48:40 - [TEST_STEP][PASSED] - callTestCase(findTestCase("Common Test Cases/Navigate to Authentication Page"), null, STOP_ON_FAILURE): Call Test Case 'Test Cases/Common Test Cases/Navigate to Authentication Page' successfully

2021-06-23 14:48:40 - [TEST_CASE][PASSED] - Test Cases/Common Test Cases/Navigate to Authentication Page: Test Cases/Common Test Cases/Navigate to Authentication Page

2021-06-23 14:48:40 - [TEST_STEP][PASSED] - openBrowser(G_SiteURL): Browser is opened with url: 'http://automationpractice.com/index.php'

2021-06-23 14:48:40 - [MESSAGE][INFO] - Starting 'Chrome' driver

2021-06-23 14:48:55 - [MESSAGE][PASSED] - Browser is opened with url: 'http://automationpractice.com/index.php'

2021-06-23 14:48:55 - [TEST_STEP][PASSED] - maximizeWindow(): Current window maximized

2021-06-23 14:48:55 - [MESSAGE][PASSED] - Current window maximized

2021-06-23 14:48:55 - [TEST_STEP][PASSED] - click(findTestObject("Page_Home/lnk_SignIn"), STOP_ON_FAILURE): Object: 'Object Repository/Page_Home/lnk_SignIn' is clicked on

2021-06-23 14:49:00 - [MESSAGE][PASSED] - Object: 'Object Repository/Page_Home/lnk_SignIn' is clicked on

2021-06-23 14:49:00 - [TEST_STEP][PASSED] - verifyMatch(getText(findTestObject("Object Repository/Page_Authentication/txa_title_Authentication Page")).toLowerCase(), "authentication", false, STOP_ON_FAILURE): Actual text 'authentication' and expected text 'authentication' are matched 

2021-06-23 14:49:01 - [MESSAGE][PASSED] - Text of object 'Object Repository/Page_Authentication/txa_title_Authentication Page' is: 'AUTHENTICATION'

2021-06-23 14:49:01 - [MESSAGE][PASSED] - Actual text 'authentication' and expected text 'authentication' are matched 

2021-06-23 14:49:01 - [MESSAGE][PASSED] - Call Test Case 'Test Cases/Common Test Cases/Navigate to Authentication Page' successfully

2021-06-23 14:49:01 - [TEST_STEP][PASSED] - click(findTestObject("Object Repository/Page_Authentication/lnk_Forgot Your Password")): Object: 'Object Repository/Page_Authentication/lnk_Forgot Your Password' is clicked on

2021-06-23 14:49:03 - [MESSAGE][PASSED] - Object: 'Object Repository/Page_Authentication/lnk_Forgot Your Password' is clicked on

2021-06-23 14:49:03 - [TEST_STEP][PASSED] - verifyMatch(getText(findTestObject("Object Repository/Page_Forgot Your Password/txa_title_Forgot Your Password")).toLowerCase(), "forgot your password?", false, STOP_ON_FAILURE): Actual text 'forgot your password?' and expected text 'forgot your password?' are matched 

2021-06-23 14:49:03 - [MESSAGE][PASSED] - Text of object 'Object Repository/Page_Forgot Your Password/txa_title_Forgot Your Password' is: 'FORGOT YOUR PASSWORD?'

2021-06-23 14:49:03 - [MESSAGE][PASSED] - Actual text 'forgot your password?' and expected text 'forgot your password?' are matched 

2021-06-23 14:49:03 - [TEST_STEP][PASSED] - click(findTestObject("Object Repository/Page_Forgot Your Password/btn_Retrieve Password"), STOP_ON_FAILURE): Object: 'Object Repository/Page_Forgot Your Password/btn_Retrieve Password' is clicked on

2021-06-23 14:49:05 - [MESSAGE][PASSED] - Object: 'Object Repository/Page_Forgot Your Password/btn_Retrieve Password' is clicked on

2021-06-23 14:49:05 - [TEST_STEP][PASSED] - verifyMatch(getText(findTestObject("Page_Forgot Your Password/msg_Alert")).toLowerCase(), "there is 1 error
invalid email address.", false, STOP_ON_FAILURE): Actual text 'there is 1 error
invalid email address.' and expected text 'there is 1 error
invalid email address.' are matched 

2021-06-23 14:49:05 - [MESSAGE][PASSED] - Text of object 'Object Repository/Page_Forgot Your Password/msg_Alert' is: 'There is 1 error
Invalid email address.'

2021-06-23 14:49:05 - [MESSAGE][PASSED] - Actual text 'there is 1 error
invalid email address.' and expected text 'there is 1 error
invalid email address.' are matched 

2021-06-23 14:49:05 - [TEST_STEP][PASSED] - setText(findTestObject("Object Repository/Page_Forgot Your Password/txt_Email Address"), Email): Text 'toandang@katalon-technology.com' is set on object 'Object Repository/Page_Forgot Your Password/txt_Email Address'

2021-06-23 14:49:06 - [MESSAGE][PASSED] - Text 'toandang@katalon-technology.com' is set on object 'Object Repository/Page_Forgot Your Password/txt_Email Address'

2021-06-23 14:49:06 - [TEST_STEP][PASSED] - switch (com.example.WebUICustomKeywords.CheckInput(Email)): null

2021-06-23 14:49:06 - [MESSAGE][PASSED] - com.example.WebUICustomKeywords.CheckInput is PASSED

2021-06-23 14:49:06 - [TEST_STEP][FAILED] - case "1":: Unable to verify match between actual text 'there is 1 error
there is no account registered for this email address.' and expected text 'there is 1 error
invalid email address.' (Root cause: com.kms.katalon.core.exception.StepFailedException: Actual text 'there is 1 error
there is no account registered for this email address.' and expected text 'there is 1 error
invalid email address.' are not matched
	at com.kms.katalon.core.keyword.builtin.VerifyMatchKeyword$_verifyMatch_closure1.doCall(VerifyMatchKeyword.groovy:57)
	at com.kms.katalon.core.keyword.builtin.VerifyMatchKeyword$_verifyMatch_closure1.call(VerifyMatchKeyword.groovy)
	at com.kms.katalon.core.keyword.internal.KeywordMain.runKeyword(KeywordMain.groovy:68)
	at com.kms.katalon.core.keyword.builtin.VerifyMatchKeyword.verifyMatch(VerifyMatchKeyword.groovy:60)
	at com.kms.katalon.core.keyword.builtin.VerifyMatchKeyword.execute(VerifyMatchKeyword.groovy:45)
	at com.kms.katalon.core.keyword.internal.KeywordExecutor.executeKeywordForPlatform(KeywordExecutor.groovy:60)
	at com.kms.katalon.core.keyword.BuiltinKeywords.verifyMatch(BuiltinKeywords.groovy:55)
	at TC2_Forgot Password.run(TC2_Forgot Password:43)
	at com.kms.katalon.core.main.ScriptEngine.run(ScriptEngine.java:194)
	at com.kms.katalon.core.main.ScriptEngine.runScriptAsRawText(ScriptEngine.java:119)
	at com.kms.katalon.core.main.TestCaseExecutor.runScript(TestCaseExecutor.java:337)
	at com.kms.katalon.core.main.TestCaseExecutor.doExecute(TestCaseExecutor.java:328)
	at com.kms.katalon.core.main.TestCaseExecutor.processExecutionPhase(TestCaseExecutor.java:307)
	at com.kms.katalon.core.main.TestCaseExecutor.accessMainPhase(TestCaseExecutor.java:299)
	at com.kms.katalon.core.main.TestCaseExecutor.execute(TestCaseExecutor.java:233)
	at com.kms.katalon.core.main.TestSuiteExecutor.accessTestCaseMainPhase(TestSuiteExecutor.java:169)
	at com.kms.katalon.core.main.TestSuiteExecutor.accessTestSuiteMainPhase(TestSuiteExecutor.java:142)
	at com.kms.katalon.core.main.TestSuiteExecutor.execute(TestSuiteExecutor.java:91)
	at com.kms.katalon.core.main.TestCaseMain.startTestSuite(TestCaseMain.java:157)
	at com.kms.katalon.core.main.TestCaseMain$startTestSuite$0.call(Unknown Source)
	at TempTestSuite1624434430987.run(TempTestSuite1624434430987.groovy:36)
)

2021-06-23 14:49:06 - [TEST_STEP][PASSED] - comment("Invalid email address"): Invalid email address

2021-06-23 14:49:06 - [MESSAGE][INFO] - Invalid email address

2021-06-23 14:49:06 - [TEST_STEP][PASSED] - click(findTestObject("Object Repository/Page_Forgot Your Password/btn_Retrieve Password")): Object: 'Object Repository/Page_Forgot Your Password/btn_Retrieve Password' is clicked on

2021-06-23 14:49:08 - [MESSAGE][PASSED] - Object: 'Object Repository/Page_Forgot Your Password/btn_Retrieve Password' is clicked on

2021-06-23 14:49:08 - [TEST_STEP][FAILED] - verifyMatch(getText(findTestObject("Page_Forgot Your Password/msg_Alert")).toLowerCase(), "there is 1 error
invalid email address.", false, STOP_ON_FAILURE): Unable to verify match between actual text 'there is 1 error
there is no account registered for this email address.' and expected text 'there is 1 error
invalid email address.' (Root cause: com.kms.katalon.core.exception.StepFailedException: Actual text 'there is 1 error
there is no account registered for this email address.' and expected text 'there is 1 error
invalid email address.' are not matched
	at com.kms.katalon.core.keyword.builtin.VerifyMatchKeyword$_verifyMatch_closure1.doCall(VerifyMatchKeyword.groovy:57)
	at com.kms.katalon.core.keyword.builtin.VerifyMatchKeyword$_verifyMatch_closure1.call(VerifyMatchKeyword.groovy)
	at com.kms.katalon.core.keyword.internal.KeywordMain.runKeyword(KeywordMain.groovy:68)
	at com.kms.katalon.core.keyword.builtin.VerifyMatchKeyword.verifyMatch(VerifyMatchKeyword.groovy:60)
	at com.kms.katalon.core.keyword.builtin.VerifyMatchKeyword.execute(VerifyMatchKeyword.groovy:45)
	at com.kms.katalon.core.keyword.internal.KeywordExecutor.executeKeywordForPlatform(KeywordExecutor.groovy:60)
	at com.kms.katalon.core.keyword.BuiltinKeywords.verifyMatch(BuiltinKeywords.groovy:55)
	at TC2_Forgot Password.run(TC2_Forgot Password:43)
	at com.kms.katalon.core.main.ScriptEngine.run(ScriptEngine.java:194)
	at com.kms.katalon.core.main.ScriptEngine.runScriptAsRawText(ScriptEngine.java:119)
	at com.kms.katalon.core.main.TestCaseExecutor.runScript(TestCaseExecutor.java:337)
	at com.kms.katalon.core.main.TestCaseExecutor.doExecute(TestCaseExecutor.java:328)
	at com.kms.katalon.core.main.TestCaseExecutor.processExecutionPhase(TestCaseExecutor.java:307)
	at com.kms.katalon.core.main.TestCaseExecutor.accessMainPhase(TestCaseExecutor.java:299)
	at com.kms.katalon.core.main.TestCaseExecutor.execute(TestCaseExecutor.java:233)
	at com.kms.katalon.core.main.TestSuiteExecutor.accessTestCaseMainPhase(TestSuiteExecutor.java:169)
	at com.kms.katalon.core.main.TestSuiteExecutor.accessTestSuiteMainPhase(TestSuiteExecutor.java:142)
	at com.kms.katalon.core.main.TestSuiteExecutor.execute(TestSuiteExecutor.java:91)
	at com.kms.katalon.core.main.TestCaseMain.startTestSuite(TestCaseMain.java:157)
	at com.kms.katalon.core.main.TestCaseMain$startTestSuite$0.call(Unknown Source)
	at TempTestSuite1624434430987.run(TempTestSuite1624434430987.groovy:36)
)

2021-06-23 14:49:09 - [MESSAGE][PASSED] - Text of object 'Object Repository/Page_Forgot Your Password/msg_Alert' is: 'There is 1 error
There is no account registered for this email address.'

2021-06-23 14:49:09 - [MESSAGE][FAILED] - Unable to verify match between actual text 'there is 1 error
there is no account registered for this email address.' and expected text 'there is 1 error
invalid email address.' (Root cause: com.kms.katalon.core.exception.StepFailedException: Actual text 'there is 1 error
there is no account registered for this email address.' and expected text 'there is 1 error
invalid email address.' are not matched
	at com.kms.katalon.core.keyword.builtin.VerifyMatchKeyword$_verifyMatch_closure1.doCall(VerifyMatchKeyword.groovy:57)
	at com.kms.katalon.core.keyword.builtin.VerifyMatchKeyword$_verifyMatch_closure1.call(VerifyMatchKeyword.groovy)
	at com.kms.katalon.core.keyword.internal.KeywordMain.runKeyword(KeywordMain.groovy:68)
	at com.kms.katalon.core.keyword.builtin.VerifyMatchKeyword.verifyMatch(VerifyMatchKeyword.groovy:60)
	at com.kms.katalon.core.keyword.builtin.VerifyMatchKeyword.execute(VerifyMatchKeyword.groovy:45)
	at com.kms.katalon.core.keyword.internal.KeywordExecutor.executeKeywordForPlatform(KeywordExecutor.groovy:60)
	at com.kms.katalon.core.keyword.BuiltinKeywords.verifyMatch(BuiltinKeywords.groovy:55)
	at TC2_Forgot Password.run(TC2_Forgot Password:43)
	at com.kms.katalon.core.main.ScriptEngine.run(ScriptEngine.java:194)
	at com.kms.katalon.core.main.ScriptEngine.runScriptAsRawText(ScriptEngine.java:119)
	at com.kms.katalon.core.main.TestCaseExecutor.runScript(TestCaseExecutor.java:337)
	at com.kms.katalon.core.main.TestCaseExecutor.doExecute(TestCaseExecutor.java:328)
	at com.kms.katalon.core.main.TestCaseExecutor.processExecutionPhase(TestCaseExecutor.java:307)
	at com.kms.katalon.core.main.TestCaseExecutor.accessMainPhase(TestCaseExecutor.java:299)
	at com.kms.katalon.core.main.TestCaseExecutor.execute(TestCaseExecutor.java:233)
	at com.kms.katalon.core.main.TestSuiteExecutor.accessTestCaseMainPhase(TestSuiteExecutor.java:169)
	at com.kms.katalon.core.main.TestSuiteExecutor.accessTestSuiteMainPhase(TestSuiteExecutor.java:142)
	at com.kms.katalon.core.main.TestSuiteExecutor.execute(TestSuiteExecutor.java:91)
	at com.kms.katalon.core.main.TestCaseMain.startTestSuite(TestCaseMain.java:157)
	at com.kms.katalon.core.main.TestCaseMain$startTestSuite$0.call(Unknown Source)
	at TempTestSuite1624434430987.run(TempTestSuite1624434430987.groovy:36)
)

2021-06-23 14:49:09 - [TEST_STEP][PASSED] - Start tear down : tearDownIfFailed: Method 'tearDownIfFailed' complete successfully

2021-06-23 14:49:09 - [TEST_STEP][PASSED] - closeBrowser(): Browser is closed

2021-06-23 14:49:10 - [MESSAGE][PASSED] - Browser is closed

2021-06-23 14:49:10 - [MESSAGE][PASSED] - Method 'tearDownIfFailed' complete successfully

2021-06-23 14:49:10 - [TEST_STEP][PASSED] - Start tear down : tearDown: Method 'tearDown' complete successfully

2021-06-23 14:49:10 - [TEST_STEP][PASSED] - closeBrowser(): Browser is closed

2021-06-23 14:49:10 - [MESSAGE][PASSED] - Browser is closed

2021-06-23 14:49:10 - [MESSAGE][PASSED] - Method 'tearDown' complete successfully

2021-06-23 14:49:13 - [TEST_STEP][PASSED] - Video: Video recording for test case 'Test Cases/Main Test Cases/TC2_Forgot Password' .

2021-06-23 14:49:13 - [MESSAGE][INFO] - Video recording for test case 'Test Cases/Main Test Cases/TC2_Forgot Password' .
[[ATTACHMENT|C:\\Users\\toandang\\Desktop\\Katalon Project\\KatalonTest.prj\\Reports\\20210623_144710\\Random Name\\20210623_144710/videos\\test_3.avi]]]]></system-out>
         <system-err><![CDATA[2021-06-23 14:48:40 - [TEST_CASE][FAILED] - Test Cases/Main Test Cases/TC2_Forgot Password: Test Cases/Main Test Cases/TC2_Forgot Password FAILED.
Reason:
com.kms.katalon.core.exception.StepFailedException: Actual text 'there is 1 error
there is no account registered for this email address.' and expected text 'there is 1 error
invalid email address.' are not matched
	at com.kms.katalon.core.keyword.builtin.VerifyMatchKeyword$_verifyMatch_closure1.doCall(VerifyMatchKeyword.groovy:57)
	at com.kms.katalon.core.keyword.builtin.VerifyMatchKeyword$_verifyMatch_closure1.call(VerifyMatchKeyword.groovy)
	at com.kms.katalon.core.keyword.internal.KeywordMain.runKeyword(KeywordMain.groovy:68)
	at com.kms.katalon.core.keyword.builtin.VerifyMatchKeyword.verifyMatch(VerifyMatchKeyword.groovy:60)
	at com.kms.katalon.core.keyword.builtin.VerifyMatchKeyword.execute(VerifyMatchKeyword.groovy:45)
	at com.kms.katalon.core.keyword.internal.KeywordExecutor.executeKeywordForPlatform(KeywordExecutor.groovy:60)
	at com.kms.katalon.core.keyword.BuiltinKeywords.verifyMatch(BuiltinKeywords.groovy:55)
	at TC2_Forgot Password.run(TC2_Forgot Password:43)
	at com.kms.katalon.core.main.ScriptEngine.run(ScriptEngine.java:194)
	at com.kms.katalon.core.main.ScriptEngine.runScriptAsRawText(ScriptEngine.java:119)
	at com.kms.katalon.core.main.TestCaseExecutor.runScript(TestCaseExecutor.java:337)
	at com.kms.katalon.core.main.TestCaseExecutor.doExecute(TestCaseExecutor.java:328)
	at com.kms.katalon.core.main.TestCaseExecutor.processExecutionPhase(TestCaseExecutor.java:307)
	at com.kms.katalon.core.main.TestCaseExecutor.accessMainPhase(TestCaseExecutor.java:299)
	at com.kms.katalon.core.main.TestCaseExecutor.execute(TestCaseExecutor.java:233)
	at com.kms.katalon.core.main.TestSuiteExecutor.accessTestCaseMainPhase(TestSuiteExecutor.java:169)
	at com.kms.katalon.core.main.TestSuiteExecutor.accessTestSuiteMainPhase(TestSuiteExecutor.java:142)
	at com.kms.katalon.core.main.TestSuiteExecutor.execute(TestSuiteExecutor.java:91)
	at com.kms.katalon.core.main.TestCaseMain.startTestSuite(TestCaseMain.java:157)
	at com.kms.katalon.core.main.TestCaseMain$startTestSuite$0.call(Unknown Source)
	at TempTestSuite1624434430987.run(TempTestSuite1624434430987.groovy:36)]]></system-err>
      </testcase>
      <system-out><![CDATA[2021-06-23 14:47:21 - [TEST_SUITE][ERROR] - Random Name: Test Cases/Main Test Cases/TC2_Forgot Password FAILED.
Reason:
groovy.lang.MissingPropertyException: No such property: RegisteredEmail for class: Script1624338313305
	at TC2_Forgot Password.run(TC2_Forgot Password:65)
	at com.kms.katalon.core.main.ScriptEngine.run(ScriptEngine.java:194)
	at com.kms.katalon.core.main.ScriptEngine.runScriptAsRawText(ScriptEngine.java:119)
	at com.kms.katalon.core.main.TestCaseExecutor.runScript(TestCaseExecutor.java:337)
	at com.kms.katalon.core.main.TestCaseExecutor.doExecute(TestCaseExecutor.java:328)
	at com.kms.katalon.core.main.TestCaseExecutor.processExecutionPhase(TestCaseExecutor.java:307)
	at com.kms.katalon.core.main.TestCaseExecutor.accessMainPhase(TestCaseExecutor.java:299)
	at com.kms.katalon.core.main.TestCaseExecutor.execute(TestCaseExecutor.java:233)
	at com.kms.katalon.core.main.TestSuiteExecutor.accessTestCaseMainPhase(TestSuiteExecutor.java:169)
	at com.kms.katalon.core.main.TestSuiteExecutor.accessTestSuiteMainPhase(TestSuiteExecutor.java:142)
	at com.kms.katalon.core.main.TestSuiteExecutor.execute(TestSuiteExecutor.java:91)
	at com.kms.katalon.core.main.TestCaseMain.startTestSuite(TestCaseMain.java:157)
	at com.kms.katalon.core.main.TestCaseMain$startTestSuite$0.call(Unknown Source)
	at TempTestSuite1624434430987.run(TempTestSuite1624434430987.groovy:36)]]></system-out>
      <system-err><![CDATA[2021-06-23 14:47:21 - [TEST_SUITE][ERROR] - Random Name: Test Cases/Main Test Cases/TC2_Forgot Password FAILED.
Reason:
groovy.lang.MissingPropertyException: No such property: RegisteredEmail for class: Script1624338313305
	at TC2_Forgot Password.run(TC2_Forgot Password:65)
	at com.kms.katalon.core.main.ScriptEngine.run(ScriptEngine.java:194)
	at com.kms.katalon.core.main.ScriptEngine.runScriptAsRawText(ScriptEngine.java:119)
	at com.kms.katalon.core.main.TestCaseExecutor.runScript(TestCaseExecutor.java:337)
	at com.kms.katalon.core.main.TestCaseExecutor.doExecute(TestCaseExecutor.java:328)
	at com.kms.katalon.core.main.TestCaseExecutor.processExecutionPhase(TestCaseExecutor.java:307)
	at com.kms.katalon.core.main.TestCaseExecutor.accessMainPhase(TestCaseExecutor.java:299)
	at com.kms.katalon.core.main.TestCaseExecutor.execute(TestCaseExecutor.java:233)
	at com.kms.katalon.core.main.TestSuiteExecutor.accessTestCaseMainPhase(TestSuiteExecutor.java:169)
	at com.kms.katalon.core.main.TestSuiteExecutor.accessTestSuiteMainPhase(TestSuiteExecutor.java:142)
	at com.kms.katalon.core.main.TestSuiteExecutor.execute(TestSuiteExecutor.java:91)
	at com.kms.katalon.core.main.TestCaseMain.startTestSuite(TestCaseMain.java:157)
	at com.kms.katalon.core.main.TestCaseMain$startTestSuite$0.call(Unknown Source)
	at TempTestSuite1624434430987.run(TempTestSuite1624434430987.groovy:36)]]></system-err>
   </testsuite>
</testsuites>
