<?xml version="1.0" encoding="UTF-8"?>
<testsuites name="TS_TEST-204 Katalon" time="100.436" tests="3" failures="0" errors="0">
   <testsuite name="TS_TEST-204 Katalon" tests="3" failures="0" errors="0" time="100.436" timestamp="2021-06-23 17:20:11" hostname="toandang - 1XSTX32.kms.com.vn" id="Test Suites/TS_TEST-204 Katalon">
      <properties>
         <property name="deviceName" value=""/>
         <property name="devicePlatform" value=""/>
         <property name="logFolder" value="C:\\Users\\toandang\\Desktop\\Katalon Project\\KatalonTest.prj\\Reports\\20210623_172002\\TS_TEST-204 Katalon\\20210623_172002"/>
         <property name="logFiles" value="C:\\Users\\toandang\\Desktop\\Katalon Project\\KatalonTest.prj\\Reports\\20210623_172002\\TS_TEST-204 Katalon\\20210623_172002\\execution0.log"/>
         <property name="attachments" value="C:\\Users\\toandang\\Desktop\\Katalon Project\\KatalonTest.prj\\Reports\\20210623_172002\\TS_TEST-204 Katalon\\20210623_172002/videos\\test_1.avi, C:\\Users\\toandang\\Desktop\\Katalon Project\\KatalonTest.prj\\Reports\\20210623_172002\\TS_TEST-204 Katalon\\20210623_172002/videos\\test_2.avi, C:\\Users\\toandang\\Desktop\\Katalon Project\\KatalonTest.prj\\Reports\\20210623_172002\\TS_TEST-204 Katalon\\20210623_172002/videos\\test_3.avi"/>
         <property name="hostName" value="toandang - 1XSTX32.kms.com.vn"/>
         <property name="os" value="Windows 10 64bit"/>
         <property name="katalonVersion" value="7.0.10.1"/>
         <property name="browser" value="Chrome 91.0.4472.114"/>
         <property name="hostAddress" value="10.23.0.74"/>
         <property name="sessionId" value="62fbf0bb838c4442bcbf7ba984767096"/>
         <property name="seleniumVersion" value="3.141.59"/>
         <property name="proxyInformation" value="ProxyInformation{proxyOption=NO_PROXY, proxyServerType=HTTP, password=, proxyServerAddress=, proxyServerPort=0}"/>
         <property name="platform" value="Windows 10"/>
      </properties>
      <testcase name="Test Cases/Main Test Cases/TC1_ Register An Account" time="32.82" classname="Test Cases/Main Test Cases/TC1_ Register An Account" status="PASSED">
         <system-out><![CDATA[2021-06-23 17:20:11 - [TEST_CASE][PASSED] - Test Cases/Main Test Cases/TC1_ Register An Account: Test Cases/Main Test Cases/TC1_ Register An Account

2021-06-23 17:20:13 - [TEST_STEP][PASSED] - "Story: Register An Account": null

2021-06-23 17:20:13 - [TEST_STEP][PASSED] - "Given that the user has the valid login information": null

2021-06-23 17:20:13 - [TEST_STEP][PASSED] - callTestCase(findTestCase("Common Test Cases/Navigate to Authentication Page"), null, STOP_ON_FAILURE): Call Test Case 'Test Cases/Common Test Cases/Navigate to Authentication Page' successfully

2021-06-23 17:20:13 - [TEST_CASE][PASSED] - Test Cases/Common Test Cases/Navigate to Authentication Page: Test Cases/Common Test Cases/Navigate to Authentication Page

2021-06-23 17:20:14 - [TEST_STEP][PASSED] - openBrowser(G_SiteURL): Browser is opened with url: 'http://automationpractice.com/index.php'

2021-06-23 17:20:15 - [MESSAGE][INFO] - Starting 'Chrome' driver

2021-06-23 17:20:15 - [MESSAGE][INFO] - Action delay is set to 0 seconds

2021-06-23 17:20:31 - [MESSAGE][PASSED] - Browser is opened with url: 'http://automationpractice.com/index.php'

2021-06-23 17:20:31 - [TEST_STEP][PASSED] - maximizeWindow(): Current window maximized

2021-06-23 17:20:32 - [MESSAGE][PASSED] - Current window maximized

2021-06-23 17:20:32 - [TEST_STEP][PASSED] - click(findTestObject("Page_Home/lnk_SignIn"), STOP_ON_FAILURE): Object: 'Object Repository/Page_Home/lnk_SignIn' is clicked on

2021-06-23 17:20:36 - [MESSAGE][PASSED] - Object: 'Object Repository/Page_Home/lnk_SignIn' is clicked on

2021-06-23 17:20:36 - [TEST_STEP][PASSED] - verifyMatch(getText(findTestObject("Object Repository/Page_Authentication/txa_title_Authentication Page")).toLowerCase(), "authentication", false, STOP_ON_FAILURE): Actual text 'authentication' and expected text 'authentication' are matched 

2021-06-23 17:20:37 - [MESSAGE][PASSED] - Text of object 'Object Repository/Page_Authentication/txa_title_Authentication Page' is: 'AUTHENTICATION'

2021-06-23 17:20:37 - [MESSAGE][PASSED] - Actual text 'authentication' and expected text 'authentication' are matched 

2021-06-23 17:20:37 - [MESSAGE][PASSED] - Call Test Case 'Test Cases/Common Test Cases/Navigate to Authentication Page' successfully

2021-06-23 17:20:37 - [TEST_STEP][PASSED] - setText(findTestObject("Object Repository/Page_Authentication/txt_Email Address"), EmailNotRegistered, STOP_ON_FAILURE): Text 'toandang@kms-technology.com' is set on object 'Object Repository/Page_Authentication/txt_Email Address'

2021-06-23 17:20:37 - [MESSAGE][PASSED] - Text 'toandang@kms-technology.com' is set on object 'Object Repository/Page_Authentication/txt_Email Address'

2021-06-23 17:20:37 - [TEST_STEP][PASSED] - click(findTestObject("Object Repository/Page_Authentication/btn_Create An Account"), STOP_ON_FAILURE): Object: 'Object Repository/Page_Authentication/btn_Create An Account' is clicked on

2021-06-23 17:20:38 - [MESSAGE][PASSED] - Object: 'Object Repository/Page_Authentication/btn_Create An Account' is clicked on

2021-06-23 17:20:38 - [TEST_STEP][PASSED] - verifyMatch(getText(findTestObject("Object Repository/Page_Create An Account/txa_title_Create An Account")).toLowerCase(), "create an account", false, STOP_ON_FAILURE): Actual text 'create an account' and expected text 'create an account' are matched 

2021-06-23 17:20:40 - [MESSAGE][PASSED] - Text of object 'Object Repository/Page_Create An Account/txa_title_Create An Account' is: 'CREATE AN ACCOUNT'

2021-06-23 17:20:40 - [MESSAGE][PASSED] - Actual text 'create an account' and expected text 'create an account' are matched 

2021-06-23 17:20:40 - [TEST_STEP][PASSED] - verifyMatch(getAttribute(findTestObject("Object Repository/Page_Create An Account/txt_Email Address"), "value"), EmailNotRegistered, false, STOP_ON_FAILURE): Actual text 'toandang@kms-technology.com' and expected text 'toandang@kms-technology.com' are matched 

2021-06-23 17:20:41 - [MESSAGE][PASSED] - Attribute 'value' of object 'Object Repository/Page_Create An Account/txt_Email Address' is: 'toandang@kms-technology.com'

2021-06-23 17:20:41 - [MESSAGE][PASSED] - Actual text 'toandang@kms-technology.com' and expected text 'toandang@kms-technology.com' are matched 

2021-06-23 17:20:41 - [TEST_STEP][PASSED] - Start tear down : tearDown: Method 'tearDown' complete successfully

2021-06-23 17:20:41 - [TEST_STEP][PASSED] - closeBrowser(): Browser is closed

2021-06-23 17:20:42 - [MESSAGE][PASSED] - Browser is closed

2021-06-23 17:20:42 - [MESSAGE][PASSED] - Method 'tearDown' complete successfully

2021-06-23 17:20:44 - [TEST_STEP][PASSED] - Video: Video recording for test case 'Test Cases/Main Test Cases/TC1_ Register An Account' .

2021-06-23 17:20:44 - [MESSAGE][INFO] - Video recording for test case 'Test Cases/Main Test Cases/TC1_ Register An Account' .
[[ATTACHMENT|C:\\Users\\toandang\\Desktop\\Katalon Project\\KatalonTest.prj\\Reports\\20210623_172002\\TS_TEST-204 Katalon\\20210623_172002/videos\\test_1.avi]]]]></system-out>
         <system-err><![CDATA[]]></system-err>
      </testcase>
      <testcase name="Test Cases/Main Test Cases/TC2_Forgot Password" time="33.578" classname="Test Cases/Main Test Cases/TC2_Forgot Password" status="PASSED">
         <system-out><![CDATA[2021-06-23 17:20:44 - [TEST_CASE][PASSED] - Test Cases/Main Test Cases/TC2_Forgot Password: Test Cases/Main Test Cases/TC2_Forgot Password

2021-06-23 17:20:45 - [TEST_STEP][PASSED] - callTestCase(findTestCase("Common Test Cases/Navigate to Authentication Page"), null, STOP_ON_FAILURE): Call Test Case 'Test Cases/Common Test Cases/Navigate to Authentication Page' successfully

2021-06-23 17:20:45 - [TEST_CASE][PASSED] - Test Cases/Common Test Cases/Navigate to Authentication Page: Test Cases/Common Test Cases/Navigate to Authentication Page

2021-06-23 17:20:45 - [TEST_STEP][PASSED] - openBrowser(G_SiteURL): Browser is opened with url: 'http://automationpractice.com/index.php'

2021-06-23 17:20:45 - [MESSAGE][INFO] - Starting 'Chrome' driver

2021-06-23 17:20:59 - [MESSAGE][PASSED] - Browser is opened with url: 'http://automationpractice.com/index.php'

2021-06-23 17:20:59 - [TEST_STEP][PASSED] - maximizeWindow(): Current window maximized

2021-06-23 17:20:59 - [MESSAGE][PASSED] - Current window maximized

2021-06-23 17:20:59 - [TEST_STEP][PASSED] - click(findTestObject("Page_Home/lnk_SignIn"), STOP_ON_FAILURE): Object: 'Object Repository/Page_Home/lnk_SignIn' is clicked on

2021-06-23 17:21:03 - [MESSAGE][PASSED] - Object: 'Object Repository/Page_Home/lnk_SignIn' is clicked on

2021-06-23 17:21:03 - [TEST_STEP][PASSED] - verifyMatch(getText(findTestObject("Object Repository/Page_Authentication/txa_title_Authentication Page")).toLowerCase(), "authentication", false, STOP_ON_FAILURE): Actual text 'authentication' and expected text 'authentication' are matched 

2021-06-23 17:21:04 - [MESSAGE][PASSED] - Text of object 'Object Repository/Page_Authentication/txa_title_Authentication Page' is: 'AUTHENTICATION'

2021-06-23 17:21:04 - [MESSAGE][PASSED] - Actual text 'authentication' and expected text 'authentication' are matched 

2021-06-23 17:21:04 - [MESSAGE][PASSED] - Call Test Case 'Test Cases/Common Test Cases/Navigate to Authentication Page' successfully

2021-06-23 17:21:04 - [TEST_STEP][PASSED] - click(findTestObject("Object Repository/Page_Authentication/lnk_Forgot Your Password")): Object: 'Object Repository/Page_Authentication/lnk_Forgot Your Password' is clicked on

2021-06-23 17:21:05 - [MESSAGE][PASSED] - Object: 'Object Repository/Page_Authentication/lnk_Forgot Your Password' is clicked on

2021-06-23 17:21:05 - [TEST_STEP][PASSED] - verifyMatch(getText(findTestObject("Object Repository/Page_Forgot Your Password/txa_title_Forgot Your Password")).toLowerCase(), "forgot your password?", false, STOP_ON_FAILURE): Actual text 'forgot your password?' and expected text 'forgot your password?' are matched 

2021-06-23 17:21:06 - [MESSAGE][PASSED] - Text of object 'Object Repository/Page_Forgot Your Password/txa_title_Forgot Your Password' is: 'FORGOT YOUR PASSWORD?'

2021-06-23 17:21:06 - [MESSAGE][PASSED] - Actual text 'forgot your password?' and expected text 'forgot your password?' are matched 

2021-06-23 17:21:06 - [TEST_STEP][PASSED] - click(findTestObject("Object Repository/Page_Forgot Your Password/btn_Retrieve Password"), STOP_ON_FAILURE): Object: 'Object Repository/Page_Forgot Your Password/btn_Retrieve Password' is clicked on

2021-06-23 17:21:08 - [MESSAGE][PASSED] - Object: 'Object Repository/Page_Forgot Your Password/btn_Retrieve Password' is clicked on

2021-06-23 17:21:08 - [TEST_STEP][PASSED] - verifyMatch(getText(findTestObject("Page_Forgot Your Password/msg_Alert")).toLowerCase(), "there is 1 error
invalid email address.", false, STOP_ON_FAILURE): Actual text 'there is 1 error
invalid email address.' and expected text 'there is 1 error
invalid email address.' are matched 

2021-06-23 17:21:08 - [MESSAGE][PASSED] - Text of object 'Object Repository/Page_Forgot Your Password/msg_Alert' is: 'There is 1 error
Invalid email address.'

2021-06-23 17:21:08 - [MESSAGE][PASSED] - Actual text 'there is 1 error
invalid email address.' and expected text 'there is 1 error
invalid email address.' are matched 

2021-06-23 17:21:08 - [TEST_STEP][PASSED] - setText(findTestObject("Object Repository/Page_Forgot Your Password/txt_Email Address"), EmailNotRegistered): Text 'toandang@kms-technology.com' is set on object 'Object Repository/Page_Forgot Your Password/txt_Email Address'

2021-06-23 17:21:09 - [MESSAGE][PASSED] - Text 'toandang@kms-technology.com' is set on object 'Object Repository/Page_Forgot Your Password/txt_Email Address'

2021-06-23 17:21:09 - [TEST_STEP][PASSED] - click(findTestObject("Object Repository/Page_Forgot Your Password/btn_Retrieve Password")): Object: 'Object Repository/Page_Forgot Your Password/btn_Retrieve Password' is clicked on

2021-06-23 17:21:10 - [MESSAGE][PASSED] - Object: 'Object Repository/Page_Forgot Your Password/btn_Retrieve Password' is clicked on

2021-06-23 17:21:10 - [TEST_STEP][PASSED] - verifyMatch(getText(findTestObject("Page_Forgot Your Password/msg_Alert")).toLowerCase(), "there is 1 error
there is no account registered for this email address.", false, STOP_ON_FAILURE): Actual text 'there is 1 error
there is no account registered for this email address.' and expected text 'there is 1 error
there is no account registered for this email address.' are matched 

2021-06-23 17:21:11 - [MESSAGE][PASSED] - Text of object 'Object Repository/Page_Forgot Your Password/msg_Alert' is: 'There is 1 error
There is no account registered for this email address.'

2021-06-23 17:21:11 - [MESSAGE][PASSED] - Actual text 'there is 1 error
there is no account registered for this email address.' and expected text 'there is 1 error
there is no account registered for this email address.' are matched 

2021-06-23 17:21:11 - [TEST_STEP][PASSED] - setText(findTestObject("Object Repository/Page_Forgot Your Password/txt_Email Address"), InvalidEmail): Text 'email@gmail' is set on object 'Object Repository/Page_Forgot Your Password/txt_Email Address'

2021-06-23 17:21:11 - [MESSAGE][PASSED] - Text 'email@gmail' is set on object 'Object Repository/Page_Forgot Your Password/txt_Email Address'

2021-06-23 17:21:11 - [TEST_STEP][PASSED] - click(findTestObject("Object Repository/Page_Forgot Your Password/btn_Retrieve Password")): Object: 'Object Repository/Page_Forgot Your Password/btn_Retrieve Password' is clicked on

2021-06-23 17:21:13 - [MESSAGE][PASSED] - Object: 'Object Repository/Page_Forgot Your Password/btn_Retrieve Password' is clicked on

2021-06-23 17:21:13 - [TEST_STEP][PASSED] - verifyMatch(getText(findTestObject("Page_Forgot Your Password/msg_Alert")).toLowerCase(), "there is 1 error
invalid email address.", false, STOP_ON_FAILURE): Actual text 'there is 1 error
invalid email address.' and expected text 'there is 1 error
invalid email address.' are matched 

2021-06-23 17:21:13 - [MESSAGE][PASSED] - Text of object 'Object Repository/Page_Forgot Your Password/msg_Alert' is: 'There is 1 error
Invalid email address.'

2021-06-23 17:21:13 - [MESSAGE][PASSED] - Actual text 'there is 1 error
invalid email address.' and expected text 'there is 1 error
invalid email address.' are matched 

2021-06-23 17:21:13 - [TEST_STEP][PASSED] - setText(findTestObject("Object Repository/Page_Forgot Your Password/txt_Email Address"), EmailRegistered): Text 'test@gmail.com' is set on object 'Object Repository/Page_Forgot Your Password/txt_Email Address'

2021-06-23 17:21:14 - [MESSAGE][PASSED] - Text 'test@gmail.com' is set on object 'Object Repository/Page_Forgot Your Password/txt_Email Address'

2021-06-23 17:21:14 - [TEST_STEP][PASSED] - click(findTestObject("Object Repository/Page_Forgot Your Password/btn_Retrieve Password")): Object: 'Object Repository/Page_Forgot Your Password/btn_Retrieve Password' is clicked on

2021-06-23 17:21:15 - [MESSAGE][PASSED] - Object: 'Object Repository/Page_Forgot Your Password/btn_Retrieve Password' is clicked on

2021-06-23 17:21:15 - [TEST_STEP][PASSED] - verifyMatch(getText(findTestObject("Page_Forgot Your Password/msg_Alert")).toLowerCase(), "a confirmation email has been sent to your address: " + EmailRegistered, false, STOP_ON_FAILURE): Actual text 'a confirmation email has been sent to your address: test@gmail.com' and expected text 'a confirmation email has been sent to your address: test@gmail.com' are matched 

2021-06-23 17:21:16 - [MESSAGE][PASSED] - Text of object 'Object Repository/Page_Forgot Your Password/msg_Alert' is: 'A confirmation email has been sent to your address: test@gmail.com'

2021-06-23 17:21:16 - [MESSAGE][PASSED] - Actual text 'a confirmation email has been sent to your address: test@gmail.com' and expected text 'a confirmation email has been sent to your address: test@gmail.com' are matched 

2021-06-23 17:21:18 - [TEST_STEP][PASSED] - Video: Video recording for test case 'Test Cases/Main Test Cases/TC2_Forgot Password' .

2021-06-23 17:21:18 - [MESSAGE][INFO] - Video recording for test case 'Test Cases/Main Test Cases/TC2_Forgot Password' .
[[ATTACHMENT|C:\\Users\\toandang\\Desktop\\Katalon Project\\KatalonTest.prj\\Reports\\20210623_172002\\TS_TEST-204 Katalon\\20210623_172002/videos\\test_2.avi]]]]></system-out>
         <system-err><![CDATA[]]></system-err>
      </testcase>
      <testcase name="Test Cases/Main Test Cases/TC3_Contact Us" time="33.214" classname="Test Cases/Main Test Cases/TC3_Contact Us" status="PASSED">
         <system-out><![CDATA[2021-06-23 17:21:18 - [TEST_CASE][PASSED] - Test Cases/Main Test Cases/TC3_Contact Us: Test Cases/Main Test Cases/TC3_Contact Us

2021-06-23 17:21:19 - [TEST_STEP][PASSED] - openBrowser(G_SiteURL): Browser is opened with url: 'http://automationpractice.com/index.php'

2021-06-23 17:21:19 - [MESSAGE][WARNING] - A browser is already opened. Closing browser and opening a new one

2021-06-23 17:21:20 - [MESSAGE][INFO] - Starting 'Chrome' driver

2021-06-23 17:21:34 - [MESSAGE][PASSED] - Browser is opened with url: 'http://automationpractice.com/index.php'

2021-06-23 17:21:34 - [TEST_STEP][PASSED] - maximizeWindow(): Current window maximized

2021-06-23 17:21:34 - [MESSAGE][PASSED] - Current window maximized

2021-06-23 17:21:34 - [TEST_STEP][PASSED] - click(findTestObject("Object Repository/Page_Home/btn_Contact Us"), STOP_ON_FAILURE): Object: 'Object Repository/Page_Home/btn_Contact Us' is clicked on

2021-06-23 17:21:37 - [MESSAGE][PASSED] - Object: 'Object Repository/Page_Home/btn_Contact Us' is clicked on

2021-06-23 17:21:37 - [TEST_STEP][PASSED] - verifyMatch(getText(findTestObject("Object Repository/Page_Customer Service - Contact Us/txa_title_Customer Service - Contact Us")).toLowerCase(), "customer service - contact us", false, STOP_ON_FAILURE): Actual text 'customer service - contact us' and expected text 'customer service - contact us' are matched 

2021-06-23 17:21:38 - [MESSAGE][PASSED] - Text of object 'Object Repository/Page_Customer Service - Contact Us/txa_title_Customer Service - Contact Us' is: 'CUSTOMER SERVICE - CONTACT US'

2021-06-23 17:21:38 - [MESSAGE][PASSED] - Actual text 'customer service - contact us' and expected text 'customer service - contact us' are matched 

2021-06-23 17:21:38 - [TEST_STEP][PASSED] - selectOptionByLabel(findTestObject("Object Repository/Page_Customer Service - Contact Us/cbo_Subject Heading"), "Customer service", false, CONTINUE_ON_FAILURE): All options with label 'Customer service' are selected in object 'Object Repository/Page_Customer Service - Contact Us/cbo_Subject Heading' 

2021-06-23 17:21:39 - [MESSAGE][PASSED] - All options with label 'Customer service' are selected in object 'Object Repository/Page_Customer Service - Contact Us/cbo_Subject Heading' 

2021-06-23 17:21:39 - [TEST_STEP][PASSED] - setText(findTestObject("Object Repository/Page_Customer Service - Contact Us/txt_Email Address"), EmailRegistered, CONTINUE_ON_FAILURE): Text 'test@gmail.com' is set on object 'Object Repository/Page_Customer Service - Contact Us/txt_Email Address'

2021-06-23 17:21:39 - [MESSAGE][PASSED] - Text 'test@gmail.com' is set on object 'Object Repository/Page_Customer Service - Contact Us/txt_Email Address'

2021-06-23 17:21:39 - [TEST_STEP][PASSED] - setText(findTestObject("Object Repository/Page_Customer Service - Contact Us/txt_Order Reference"), "Random data", CONTINUE_ON_FAILURE): Text 'Random data' is set on object 'Object Repository/Page_Customer Service - Contact Us/txt_Order Reference'

2021-06-23 17:21:40 - [MESSAGE][PASSED] - Text 'Random data' is set on object 'Object Repository/Page_Customer Service - Contact Us/txt_Order Reference'

2021-06-23 17:21:40 - [TEST_STEP][PASSED] - filePath = getProjectDir() + "/KMS-Logo.png": null

2021-06-23 17:21:40 - [TEST_STEP][PASSED] - uploadFile(findTestObject("Object Repository/Page_Customer Service - Contact Us/img_Upload"), filePath, CONTINUE_ON_FAILURE): File 'C:/Users/toandang/Desktop/Katalon Project/KatalonTest.prj/KMS-Logo.png' sent to object: 'Object Repository/Page_Customer Service - Contact Us/img_Upload'

2021-06-23 17:21:41 - [MESSAGE][PASSED] - File 'C:/Users/toandang/Desktop/Katalon Project/KatalonTest.prj/KMS-Logo.png' sent to object: 'Object Repository/Page_Customer Service - Contact Us/img_Upload'

2021-06-23 17:21:41 - [TEST_STEP][PASSED] - setText(findTestObject("Object Repository/Page_Customer Service - Contact Us/txa_Message"), "Random data", CONTINUE_ON_FAILURE): Text 'Random data' is set on object 'Object Repository/Page_Customer Service - Contact Us/txa_Message'

2021-06-23 17:21:41 - [MESSAGE][PASSED] - Text 'Random data' is set on object 'Object Repository/Page_Customer Service - Contact Us/txa_Message'

2021-06-23 17:21:41 - [TEST_STEP][PASSED] - click(findTestObject("Object Repository/Page_Customer Service - Contact Us/btn_Send"), STOP_ON_FAILURE): Object: 'Object Repository/Page_Customer Service - Contact Us/btn_Send' is clicked on

2021-06-23 17:21:47 - [MESSAGE][PASSED] - Object: 'Object Repository/Page_Customer Service - Contact Us/btn_Send' is clicked on

2021-06-23 17:21:47 - [TEST_STEP][PASSED] - verifyMatch(getText(findTestObject("Page_Customer Service - Contact Us/msg_Alert")).toLowerCase(), "your message has been successfully sent to our team.", false, STOP_ON_FAILURE): Actual text 'your message has been successfully sent to our team.' and expected text 'your message has been successfully sent to our team.' are matched 

2021-06-23 17:21:47 - [MESSAGE][PASSED] - Text of object 'Object Repository/Page_Customer Service - Contact Us/msg_Alert' is: 'Your message has been successfully sent to our team.'

2021-06-23 17:21:47 - [MESSAGE][PASSED] - Actual text 'your message has been successfully sent to our team.' and expected text 'your message has been successfully sent to our team.' are matched 

2021-06-23 17:21:47 - [TEST_STEP][PASSED] - Start tear down : tearDown: Method 'tearDown' complete successfully

2021-06-23 17:21:48 - [TEST_STEP][PASSED] - closeBrowser(): Browser is closed

2021-06-23 17:21:49 - [MESSAGE][PASSED] - Browser is closed

2021-06-23 17:21:49 - [MESSAGE][PASSED] - Method 'tearDown' complete successfully

2021-06-23 17:21:51 - [TEST_STEP][PASSED] - Video: Video recording for test case 'Test Cases/Main Test Cases/TC3_Contact Us' .

2021-06-23 17:21:51 - [MESSAGE][INFO] - Video recording for test case 'Test Cases/Main Test Cases/TC3_Contact Us' .
[[ATTACHMENT|C:\\Users\\toandang\\Desktop\\Katalon Project\\KatalonTest.prj\\Reports\\20210623_172002\\TS_TEST-204 Katalon\\20210623_172002/videos\\test_3.avi]]]]></system-out>
         <system-err><![CDATA[]]></system-err>
      </testcase>
      <system-out><![CDATA[2021-06-23 17:20:11 - [TEST_SUITE][PASSED] - TS_TEST-204 Katalon: Test Cases/Main Test Cases/TC3_Contact Us]]></system-out>
      <system-err><![CDATA[]]></system-err>
   </testsuite>
</testsuites>
